<?xml version="1.1" encoding="UTF-8"?>
<testsuite name="test.groovy.HelloSpock" tests="1" failures="1" errors="0" timestamp="2013-05-12T15:19:52" hostname="Macintosh.local" time="0.264">
  <properties/>
  <testcase name="length of Spock's and his friends' names" classname="test.groovy.HelloSpock" time="0.264">
    <failure message="Condition not satisfied:&#10;&#10;name.size() == length&#10;|    |      |  |&#10;|    5      |  3&#10;Spock       false&#10;" type="org.gradle.messaging.remote.internal.PlaceholderException">Condition not satisfied:

name.size() == length
|    |      |  |
|    5      |  3
Spock       false

	at test.groovy.HelloSpock.length of Spock's and his friends' names(HelloSpock.groovy:7)
</failure>
  </testcase>
  <system-out><![CDATA[]]></system-out>
  <system-err><![CDATA[]]></system-err>
</testsuite>
